<?xml version="1.0" encoding="UTF-8"?>
<!-- Generated by org.testng.reporters.JUnitReportReporter -->
<testsuite skipped="0" hostname="ashirbad-PC" name="demo.practice.Annotations2" tests="3" failures="0" timestamp="03 May 2020 05:53:50 GMT" time="0.025" errors="0">
  <testcase name="demotest" time="0.014" classname="demo.practice.Annotations2"/>
  <testcase name="demotest2" time="0.004" classname="demo.practice.Annotations2"/>
  <testcase name="demotest3" time="0.007" classname="demo.practice.Annotations2"/>
</testsuite> <!-- demo.practice.Annotations2 -->
