<?xml version="1.0" encoding="UTF-8"?>
<!-- Generated by org.testng.reporters.JUnitReportReporter -->
<testsuite skipped="0" hostname="ashirbad-PC" name="demo.practice.Testng_annotations" tests="1" failures="0" timestamp="27 Apr 2020 06:25:57 GMT" time="0.019" errors="0">
  <testcase name="demotest" time="0.019" classname="demo.practice.Testng_annotations"/>
</testsuite> <!-- demo.practice.Testng_annotations -->
